  Animación_Básica.cpp
D:\ProyectoGrafica\CG\ConfiguracionInicial\ConfiguracionInicial\Animación_Básica.cpp(198,24): warning C4244: 'inicializando': conversión de 'double' a 'GLfloat'; posible pérdida de datos
D:\ProyectoGrafica\CG\ConfiguracionInicial\ConfiguracionInicial\Animación_Básica.cpp(238,20): warning C4244: '=': conversión de 'double' a 'T'; posible pérdida de datos
D:\ProyectoGrafica\CG\ConfiguracionInicial\ConfiguracionInicial\Animación_Básica.cpp(238,20): warning C4244:         with
D:\ProyectoGrafica\CG\ConfiguracionInicial\ConfiguracionInicial\Animación_Básica.cpp(238,20): warning C4244:         [
D:\ProyectoGrafica\CG\ConfiguracionInicial\ConfiguracionInicial\Animación_Básica.cpp(238,20): warning C4244:             T=float
D:\ProyectoGrafica\CG\ConfiguracionInicial\ConfiguracionInicial\Animación_Básica.cpp(238,20): warning C4244:         ]
D:\ProyectoGrafica\CG\ConfiguracionInicial\ConfiguracionInicial\Animación_Básica.cpp(239,20): warning C4244: '=': conversión de 'double' a 'T'; posible pérdida de datos
D:\ProyectoGrafica\CG\ConfiguracionInicial\ConfiguracionInicial\Animación_Básica.cpp(239,20): warning C4244:         with
D:\ProyectoGrafica\CG\ConfiguracionInicial\ConfiguracionInicial\Animación_Básica.cpp(239,20): warning C4244:         [
D:\ProyectoGrafica\CG\ConfiguracionInicial\ConfiguracionInicial\Animación_Básica.cpp(239,20): warning C4244:             T=float
D:\ProyectoGrafica\CG\ConfiguracionInicial\ConfiguracionInicial\Animación_Básica.cpp(239,20): warning C4244:         ]
D:\ProyectoGrafica\CG\ConfiguracionInicial\ConfiguracionInicial\Animación_Básica.cpp(240,20): warning C4244: '=': conversión de 'double' a 'T'; posible pérdida de datos
D:\ProyectoGrafica\CG\ConfiguracionInicial\ConfiguracionInicial\Animación_Básica.cpp(240,20): warning C4244:         with
D:\ProyectoGrafica\CG\ConfiguracionInicial\ConfiguracionInicial\Animación_Básica.cpp(240,20): warning C4244:         [
D:\ProyectoGrafica\CG\ConfiguracionInicial\ConfiguracionInicial\Animación_Básica.cpp(240,20): warning C4244:             T=float
D:\ProyectoGrafica\CG\ConfiguracionInicial\ConfiguracionInicial\Animación_Básica.cpp(240,20): warning C4244:         ]
D:\ProyectoGrafica\CG\ConfiguracionInicial\ConfiguracionInicial\Animación_Básica.cpp(480,11): warning C4244: '=': conversión de 'double' a 'GLfloat'; posible pérdida de datos
D:\ProyectoGrafica\CG\ConfiguracionInicial\ConfiguracionInicial\Animación_Básica.cpp(481,11): warning C4244: '=': conversión de 'double' a 'GLfloat'; posible pérdida de datos
D:\ProyectoGrafica\CG\ConfiguracionInicial\ConfiguracionInicial\Animación_Básica.cpp(485,18): warning C4244: 'inicializando': conversión de 'double' a 'GLfloat'; posible pérdida de datos
D:\ProyectoGrafica\CG\ConfiguracionInicial\ConfiguracionInicial\Animación_Básica.cpp(486,18): warning C4244: 'inicializando': conversión de 'double' a 'GLfloat'; posible pérdida de datos
D:\ProyectoGrafica\CG\ConfiguracionInicial\ConfiguracionInicial\Animación_Básica.cpp(488,10): warning C4244: '=': conversión de 'double' a 'GLfloat'; posible pérdida de datos
D:\ProyectoGrafica\CG\ConfiguracionInicial\ConfiguracionInicial\Animación_Básica.cpp(489,10): warning C4244: '=': conversión de 'double' a 'GLfloat'; posible pérdida de datos
LINK : warning LNK4098: la biblioteca predeterminada'MSVCRT' entra en conflicto con otras bibliotecas; use la biblioteca /NODEFAULTLIB:biblioteca
soil2-debug.lib(etc1_utils.obj) : warning LNK4099: no se encontró PDB '' con 'soil2-debug.lib(etc1_utils.obj)' o en ''; se vinculará el objeto sin tener en cuenta información de depuración
soil2-debug.lib(image_DXT.obj) : warning LNK4099: no se encontró PDB '' con 'soil2-debug.lib(image_DXT.obj)' o en ''; se vinculará el objeto sin tener en cuenta información de depuración
soil2-debug.lib(image_helper.obj) : warning LNK4099: no se encontró PDB '' con 'soil2-debug.lib(image_helper.obj)' o en ''; se vinculará el objeto sin tener en cuenta información de depuración
soil2-debug.lib(SOIL2.obj) : warning LNK4099: no se encontró PDB '' con 'soil2-debug.lib(SOIL2.obj)' o en ''; se vinculará el objeto sin tener en cuenta información de depuración
  ConfiguracionInicial.vcxproj -> D:\ProyectoGrafica\CG\ConfiguracionInicial\Debug\ConfiguracionInicial.exe
